<?xml version="1.0" encoding="UTF-8"?>
<testng-results ignored="0" total="1" passed="1" failed="0" skipped="0">
  <reporter-output>
  </reporter-output>
  <suite started-at="2025-05-06T15:38:33 IST" name="amazonFireTV" finished-at="2025-05-06T15:40:26 IST" duration-ms="112313">
    <groups>
    </groups>
    <test started-at="2025-05-06T15:38:33 IST" name="amazonFireTV-0" finished-at="2025-05-06T15:40:26 IST" duration-ms="112313">
      <class name="org.demo.amazonFireTVPercy">
        <test-method is-config="true" signature="setUp()[pri:0, instance:org.demo.amazonFireTVPercy@3650d4fc]" started-at="2025-05-06T15:38:33 IST" name="setUp" finished-at="2025-05-06T15:39:08 IST" duration-ms="35079" status="PASS">
          <reporter-output>
          </reporter-output>
        </test-method> <!-- setUp -->
        <test-method signature="testt()[pri:0, instance:org.demo.amazonFireTVPercy@3650d4fc]" started-at="2025-05-06T15:39:09 IST" name="testt" finished-at="2025-05-06T15:40:13 IST" duration-ms="64468" status="PASS">
          <reporter-output>
          </reporter-output>
        </test-method> <!-- testt -->
        <test-method is-config="true" signature="tearDown()[pri:0, instance:org.demo.amazonFireTVPercy@3650d4fc]" started-at="2025-05-06T15:40:14 IST" name="tearDown" finished-at="2025-05-06T15:40:25 IST" duration-ms="11356" status="PASS">
          <reporter-output>
          </reporter-output>
        </test-method> <!-- tearDown -->
      </class> <!-- org.demo.amazonFireTVPercy -->
    </test> <!-- amazonFireTV-0 -->
  </suite> <!-- amazonFireTV -->
</testng-results>
