<?xml version="1.0" encoding="UTF-8"?>
<testng-results ignored="0" total="1" passed="1" failed="0" skipped="0">
  <reporter-output>
  </reporter-output>
  <suite started-at="2025-04-09T03:11:00 IST" name="amazonFireTV" finished-at="2025-04-09T03:14:26 IST" duration-ms="205085">
    <groups>
    </groups>
    <test started-at="2025-04-09T03:11:00 IST" name="amazonFireTV-0" finished-at="2025-04-09T03:14:26 IST" duration-ms="205085">
      <class name="org.demo.amazonFireTVPercy">
        <test-method is-config="true" signature="setUp()[pri:0, instance:org.demo.amazonFireTVPercy@3f049056]" started-at="2025-04-09T03:11:00 IST" name="setUp" finished-at="2025-04-09T03:11:33 IST" duration-ms="32225" status="PASS">
          <reporter-output>
          </reporter-output>
        </test-method> <!-- setUp -->
        <test-method signature="testt()[pri:0, instance:org.demo.amazonFireTVPercy@3f049056]" started-at="2025-04-09T03:11:33 IST" name="testt" finished-at="2025-04-09T03:14:17 IST" duration-ms="164595" status="PASS">
          <reporter-output>
          </reporter-output>
        </test-method> <!-- testt -->
        <test-method is-config="true" signature="tearDown()[pri:0, instance:org.demo.amazonFireTVPercy@3f049056]" started-at="2025-04-09T03:14:17 IST" name="tearDown" finished-at="2025-04-09T03:14:26 IST" duration-ms="8160" status="PASS">
          <reporter-output>
          </reporter-output>
        </test-method> <!-- tearDown -->
      </class> <!-- org.demo.amazonFireTVPercy -->
    </test> <!-- amazonFireTV-0 -->
  </suite> <!-- amazonFireTV -->
</testng-results>
